2025-10-07T09:34:05.942-05:00  INFO 10320 --- [EXAMEN-LP-2-RESURECCION] [main] .e.E.L.R.ExamenLp2ResureccionApplication : Starting ExamenLp2ResureccionApplication using Java 21.0.7 with PID 10320 (C:\Users\mygna\OneDrive\Escritorio\EXAMEN-LP-2-RESURECCION\target\classes started by mygna in C:\Users\mygna\OneDrive\Escritorio\EXAMEN-LP-2-RESURECCION)
2025-10-07T09:34:05.956-05:00  INFO 10320 --- [EXAMEN-LP-2-RESURECCION] [main] .e.E.L.R.ExamenLp2ResureccionApplication : No active profile set, falling back to 1 default profile: "default"
2025-10-07T09:34:08.691-05:00  INFO 10320 --- [EXAMEN-LP-2-RESURECCION] [main] .s.d.r.c.RepositoryConfigurationDelegate : Bootstrapping Spring Data JPA repositories in DEFAULT mode.
2025-10-07T09:34:08.899-05:00  INFO 10320 --- [EXAMEN-LP-2-RESURECCION] [main] .s.d.r.c.RepositoryConfigurationDelegate : Finished Spring Data repository scanning in 187 ms. Found 3 JPA repository interfaces.
2025-10-07T09:34:10.320-05:00  INFO 10320 --- [EXAMEN-LP-2-RESURECCION] [main] o.s.b.w.embedded.tomcat.TomcatWebServer  : Tomcat initialized with port 9090 (http)
2025-10-07T09:34:10.356-05:00  INFO 10320 --- [EXAMEN-LP-2-RESURECCION] [main] o.apache.catalina.core.StandardService   : Starting service [Tomcat]
2025-10-07T09:34:10.358-05:00  INFO 10320 --- [EXAMEN-LP-2-RESURECCION] [main] o.apache.catalina.core.StandardEngine    : Starting Servlet engine: [Apache Tomcat/10.1.46]
2025-10-07T09:34:10.539-05:00  INFO 10320 --- [EXAMEN-LP-2-RESURECCION] [main] o.a.c.c.C.[Tomcat].[localhost].[/]       : Initializing Spring embedded WebApplicationContext
2025-10-07T09:34:10.541-05:00  INFO 10320 --- [EXAMEN-LP-2-RESURECCION] [main] w.s.c.ServletWebServerApplicationContext : Root WebApplicationContext: initialization completed in 4449 ms
2025-10-07T09:34:11.373-05:00  INFO 10320 --- [EXAMEN-LP-2-RESURECCION] [main] o.hibernate.jpa.internal.util.LogHelper  : HHH000204: Processing PersistenceUnitInfo [name: default]
2025-10-07T09:34:11.555-05:00  INFO 10320 --- [EXAMEN-LP-2-RESURECCION] [main] org.hibernate.Version                    : HHH000412: Hibernate ORM core version 6.6.29.Final
2025-10-07T09:34:11.672-05:00  INFO 10320 --- [EXAMEN-LP-2-RESURECCION] [main] o.h.c.internal.RegionFactoryInitiator    : HHH000026: Second-level cache disabled
2025-10-07T09:34:12.594-05:00  INFO 10320 --- [EXAMEN-LP-2-RESURECCION] [main] o.s.o.j.p.SpringPersistenceUnitInfo      : No LoadTimeWeaver setup: ignoring JPA class transformer
2025-10-07T09:34:12.707-05:00  INFO 10320 --- [EXAMEN-LP-2-RESURECCION] [main] com.zaxxer.hikari.HikariDataSource       : HikariPool-1 - Starting...
2025-10-07T09:34:15.897-05:00  INFO 10320 --- [EXAMEN-LP-2-RESURECCION] [main] com.zaxxer.hikari.pool.HikariPool        : HikariPool-1 - Added connection oracle.jdbc.driver.T4CConnection@43deba42
2025-10-07T09:34:15.899-05:00  INFO 10320 --- [EXAMEN-LP-2-RESURECCION] [main] com.zaxxer.hikari.HikariDataSource       : HikariPool-1 - Start completed.
2025-10-07T09:34:16.434-05:00  INFO 10320 --- [EXAMEN-LP-2-RESURECCION] [main] org.hibernate.orm.connections.pooling    : HHH10001005: Database info:
	Database JDBC URL [Connecting through datasource 'HikariDataSource (HikariPool-1)']
	Database driver: undefined/unknown
	Database version: 21.3
	Autocommit mode: undefined/unknown
	Isolation level: undefined/unknown
	Minimum pool size: undefined/unknown
	Maximum pool size: undefined/unknown
2025-10-07T09:34:17.659-05:00  INFO 10320 --- [EXAMEN-LP-2-RESURECCION] [main] o.h.e.t.j.p.i.JtaPlatformInitiator       : HHH000489: No JTA platform available (set 'hibernate.transaction.jta.platform' to enable JTA platform integration)
2025-10-07T09:34:20.661-05:00  INFO 10320 --- [EXAMEN-LP-2-RESURECCION] [main] j.LocalContainerEntityManagerFactoryBean : Initialized JPA EntityManagerFactory for persistence unit 'default'
2025-10-07T09:34:22.300-05:00  INFO 10320 --- [EXAMEN-LP-2-RESURECCION] [main] o.s.b.w.embedded.tomcat.TomcatWebServer  : Tomcat started on port 9090 (http) with context path '/'
2025-10-07T09:34:22.312-05:00  INFO 10320 --- [EXAMEN-LP-2-RESURECCION] [main] .e.E.L.R.ExamenLp2ResureccionApplication : Started ExamenLp2ResureccionApplication in 17.858 seconds (process running for 19.408)
2025-10-07T09:34:32.645-05:00  INFO 10320 --- [EXAMEN-LP-2-RESURECCION] [http-nio-9090-exec-1] o.a.c.c.C.[Tomcat].[localhost].[/]       : Initializing Spring DispatcherServlet 'dispatcherServlet'
2025-10-07T09:34:32.645-05:00  INFO 10320 --- [EXAMEN-LP-2-RESURECCION] [http-nio-9090-exec-1] o.s.web.servlet.DispatcherServlet        : Initializing Servlet 'dispatcherServlet'
2025-10-07T09:34:32.646-05:00  INFO 10320 --- [EXAMEN-LP-2-RESURECCION] [http-nio-9090-exec-1] o.s.web.servlet.DispatcherServlet        : Completed initialization in 1 ms
2025-10-07T09:56:58.717-05:00  INFO 10320 --- [EXAMEN-LP-2-RESURECCION] [SpringApplicationShutdownHook] o.s.b.w.e.tomcat.GracefulShutdown        : Commencing graceful shutdown. Waiting for active requests to complete
2025-10-07T09:56:58.858-05:00  INFO 10320 --- [EXAMEN-LP-2-RESURECCION] [tomcat-shutdown] o.s.b.w.e.tomcat.GracefulShutdown        : Graceful shutdown complete
2025-10-07T09:56:58.953-05:00  INFO 10320 --- [EXAMEN-LP-2-RESURECCION] [SpringApplicationShutdownHook] j.LocalContainerEntityManagerFactoryBean : Closing JPA EntityManagerFactory for persistence unit 'default'
2025-10-07T09:56:59.095-05:00  INFO 10320 --- [EXAMEN-LP-2-RESURECCION] [SpringApplicationShutdownHook] com.zaxxer.hikari.HikariDataSource       : HikariPool-1 - Shutdown initiated...
2025-10-07T09:56:59.329-05:00  INFO 10320 --- [EXAMEN-LP-2-RESURECCION] [SpringApplicationShutdownHook] com.zaxxer.hikari.HikariDataSource       : HikariPool-1 - Shutdown completed.
2025-10-07T10:31:50.209-05:00  INFO 31112 --- [EXAMEN-LP-2-RESURECCION] [main] .e.E.L.R.ExamenLp2ResureccionApplication : Starting ExamenLp2ResureccionApplication using Java 21.0.7 with PID 31112 (C:\Users\mygna\OneDrive\Escritorio\EXAMEN-LP-2-RESURECCION\target\classes started by mygna in C:\Users\mygna\OneDrive\Escritorio\EXAMEN-LP-2-RESURECCION)
2025-10-07T10:31:50.212-05:00  INFO 31112 --- [EXAMEN-LP-2-RESURECCION] [main] .e.E.L.R.ExamenLp2ResureccionApplication : No active profile set, falling back to 1 default profile: "default"
2025-10-07T10:31:50.519-05:00  WARN 31112 --- [EXAMEN-LP-2-RESURECCION] [main] ConfigServletWebServerApplicationContext : Exception encountered during context initialization - cancelling refresh attempt: org.springframework.beans.factory.BeanDefinitionStoreException: I/O failure while processing configuration class [com.example.EXAMEN.LP2.RESURECCION.mappers.EstudiantesMapperImpl]
2025-10-07T10:31:50.823-05:00 ERROR 31112 --- [EXAMEN-LP-2-RESURECCION] [main] o.s.boot.SpringApplication               : Application run failed

org.springframework.beans.factory.BeanDefinitionStoreException: I/O failure while processing configuration class [com.example.EXAMEN.LP2.RESURECCION.mappers.EstudiantesMapperImpl]
	at org.springframework.context.annotation.ConfigurationClassParser.processConfigurationClass(ConfigurationClassParser.java:286) ~[spring-context-6.2.11.jar:6.2.11]
	at org.springframework.context.annotation.ConfigurationClassParser.parse(ConfigurationClassParser.java:218) ~[spring-context-6.2.11.jar:6.2.11]
	at org.springframework.context.annotation.ConfigurationClassParser.doProcessConfigurationClass(ConfigurationClassParser.java:354) ~[spring-context-6.2.11.jar:6.2.11]
	at org.springframework.context.annotation.ConfigurationClassParser.processConfigurationClass(ConfigurationClassParser.java:281) ~[spring-context-6.2.11.jar:6.2.11]
	at org.springframework.context.annotation.ConfigurationClassParser.parse(ConfigurationClassParser.java:204) ~[spring-context-6.2.11.jar:6.2.11]
	at org.springframework.context.annotation.ConfigurationClassParser.parse(ConfigurationClassParser.java:172) ~[spring-context-6.2.11.jar:6.2.11]
	at org.springframework.context.annotation.ConfigurationClassPostProcessor.processConfigBeanDefinitions(ConfigurationClassPostProcessor.java:418) ~[spring-context-6.2.11.jar:6.2.11]
	at org.springframework.context.annotation.ConfigurationClassPostProcessor.postProcessBeanDefinitionRegistry(ConfigurationClassPostProcessor.java:290) ~[spring-context-6.2.11.jar:6.2.11]
	at org.springframework.context.support.PostProcessorRegistrationDelegate.invokeBeanDefinitionRegistryPostProcessors(PostProcessorRegistrationDelegate.java:349) ~[spring-context-6.2.11.jar:6.2.11]
	at org.springframework.context.support.PostProcessorRegistrationDelegate.invokeBeanFactoryPostProcessors(PostProcessorRegistrationDelegate.java:118) ~[spring-context-6.2.11.jar:6.2.11]
	at org.springframework.context.support.AbstractApplicationContext.invokeBeanFactoryPostProcessors(AbstractApplicationContext.java:791) ~[spring-context-6.2.11.jar:6.2.11]
	at org.springframework.context.support.AbstractApplicationContext.refresh(AbstractApplicationContext.java:609) ~[spring-context-6.2.11.jar:6.2.11]
	at org.springframework.boot.web.servlet.context.ServletWebServerApplicationContext.refresh(ServletWebServerApplicationContext.java:146) ~[spring-boot-3.5.6.jar:3.5.6]
	at org.springframework.boot.SpringApplication.refresh(SpringApplication.java:752) ~[spring-boot-3.5.6.jar:3.5.6]
	at org.springframework.boot.SpringApplication.refreshContext(SpringApplication.java:439) ~[spring-boot-3.5.6.jar:3.5.6]
	at org.springframework.boot.SpringApplication.run(SpringApplication.java:318) ~[spring-boot-3.5.6.jar:3.5.6]
	at org.springframework.boot.SpringApplication.run(SpringApplication.java:1361) ~[spring-boot-3.5.6.jar:3.5.6]
	at org.springframework.boot.SpringApplication.run(SpringApplication.java:1350) ~[spring-boot-3.5.6.jar:3.5.6]
	at com.example.EXAMEN.LP2.RESURECCION.ExamenLp2ResureccionApplication.main(ExamenLp2ResureccionApplication.java:10) ~[classes/:na]
Caused by: java.io.FileNotFoundException: class path resource [com/example/EXAMEN/LP2/RESURECCION/mappers/EstudiantesMapper.class] cannot be opened because it does not exist
	at org.springframework.core.io.ClassPathResource.getInputStream(ClassPathResource.java:215) ~[spring-core-6.2.11.jar:6.2.11]
	at org.springframework.core.type.classreading.SimpleMetadataReader.getClassReader(SimpleMetadataReader.java:54) ~[spring-core-6.2.11.jar:6.2.11]
	at org.springframework.core.type.classreading.SimpleMetadataReader.<init>(SimpleMetadataReader.java:48) ~[spring-core-6.2.11.jar:6.2.11]
	at org.springframework.core.type.classreading.SimpleMetadataReaderFactory.getMetadataReader(SimpleMetadataReaderFactory.java:103) ~[spring-core-6.2.11.jar:6.2.11]
	at org.springframework.boot.type.classreading.ConcurrentReferenceCachingMetadataReaderFactory.createMetadataReader(ConcurrentReferenceCachingMetadataReaderFactory.java:98) ~[spring-boot-3.5.6.jar:3.5.6]
	at org.springframework.boot.type.classreading.ConcurrentReferenceCachingMetadataReaderFactory.getMetadataReader(ConcurrentReferenceCachingMetadataReaderFactory.java:85) ~[spring-boot-3.5.6.jar:3.5.6]
	at org.springframework.core.type.classreading.SimpleMetadataReaderFactory.getMetadataReader(SimpleMetadataReaderFactory.java:81) ~[spring-core-6.2.11.jar:6.2.11]
	at org.springframework.boot.type.classreading.ConcurrentReferenceCachingMetadataReaderFactory.getMetadataReader(ConcurrentReferenceCachingMetadataReaderFactory.java:75) ~[spring-boot-3.5.6.jar:3.5.6]
	at org.springframework.context.annotation.ConfigurationClassParser.asSourceClass(ConfigurationClassParser.java:711) ~[spring-context-6.2.11.jar:6.2.11]
	at org.springframework.context.annotation.ConfigurationClassParser$SourceClass.getInterfaces(ConfigurationClassParser.java:1060) ~[spring-context-6.2.11.jar:6.2.11]
	at org.springframework.context.annotation.ConfigurationClassParser.processInterfaces(ConfigurationClassParser.java:441) ~[spring-context-6.2.11.jar:6.2.11]
	at org.springframework.context.annotation.ConfigurationClassParser.doProcessConfigurationClass(ConfigurationClassParser.java:385) ~[spring-context-6.2.11.jar:6.2.11]
	at org.springframework.context.annotation.ConfigurationClassParser.processConfigurationClass(ConfigurationClassParser.java:281) ~[spring-context-6.2.11.jar:6.2.11]
	... 18 common frames omitted

2025-10-07T10:38:06.470-05:00  INFO 23748 --- [EXAMEN-LP-2-RESURECCION] [main] .e.E.L.R.ExamenLp2ResureccionApplication : Starting ExamenLp2ResureccionApplication using Java 21.0.7 with PID 23748 (C:\Users\mygna\OneDrive\Escritorio\EXAMEN-LP-2-RESURECCION\target\classes started by mygna in C:\Users\mygna\OneDrive\Escritorio\EXAMEN-LP-2-RESURECCION)
2025-10-07T10:38:06.474-05:00  INFO 23748 --- [EXAMEN-LP-2-RESURECCION] [main] .e.E.L.R.ExamenLp2ResureccionApplication : No active profile set, falling back to 1 default profile: "default"
2025-10-07T10:38:06.812-05:00  WARN 23748 --- [EXAMEN-LP-2-RESURECCION] [main] ConfigServletWebServerApplicationContext : Exception encountered during context initialization - cancelling refresh attempt: org.springframework.beans.factory.BeanDefinitionStoreException: I/O failure while processing configuration class [com.example.EXAMEN.LP2.RESURECCION.mappers.EstudiantesMapperImpl]
2025-10-07T10:38:07.053-05:00 ERROR 23748 --- [EXAMEN-LP-2-RESURECCION] [main] o.s.boot.SpringApplication               : Application run failed

org.springframework.beans.factory.BeanDefinitionStoreException: I/O failure while processing configuration class [com.example.EXAMEN.LP2.RESURECCION.mappers.EstudiantesMapperImpl]
	at org.springframework.context.annotation.ConfigurationClassParser.processConfigurationClass(ConfigurationClassParser.java:286) ~[spring-context-6.2.11.jar:6.2.11]
	at org.springframework.context.annotation.ConfigurationClassParser.parse(ConfigurationClassParser.java:218) ~[spring-context-6.2.11.jar:6.2.11]
	at org.springframework.context.annotation.ConfigurationClassParser.doProcessConfigurationClass(ConfigurationClassParser.java:354) ~[spring-context-6.2.11.jar:6.2.11]
	at org.springframework.context.annotation.ConfigurationClassParser.processConfigurationClass(ConfigurationClassParser.java:281) ~[spring-context-6.2.11.jar:6.2.11]
	at org.springframework.context.annotation.ConfigurationClassParser.parse(ConfigurationClassParser.java:204) ~[spring-context-6.2.11.jar:6.2.11]
	at org.springframework.context.annotation.ConfigurationClassParser.parse(ConfigurationClassParser.java:172) ~[spring-context-6.2.11.jar:6.2.11]
	at org.springframework.context.annotation.ConfigurationClassPostProcessor.processConfigBeanDefinitions(ConfigurationClassPostProcessor.java:418) ~[spring-context-6.2.11.jar:6.2.11]
	at org.springframework.context.annotation.ConfigurationClassPostProcessor.postProcessBeanDefinitionRegistry(ConfigurationClassPostProcessor.java:290) ~[spring-context-6.2.11.jar:6.2.11]
	at org.springframework.context.support.PostProcessorRegistrationDelegate.invokeBeanDefinitionRegistryPostProcessors(PostProcessorRegistrationDelegate.java:349) ~[spring-context-6.2.11.jar:6.2.11]
	at org.springframework.context.support.PostProcessorRegistrationDelegate.invokeBeanFactoryPostProcessors(PostProcessorRegistrationDelegate.java:118) ~[spring-context-6.2.11.jar:6.2.11]
	at org.springframework.context.support.AbstractApplicationContext.invokeBeanFactoryPostProcessors(AbstractApplicationContext.java:791) ~[spring-context-6.2.11.jar:6.2.11]
	at org.springframework.context.support.AbstractApplicationContext.refresh(AbstractApplicationContext.java:609) ~[spring-context-6.2.11.jar:6.2.11]
	at org.springframework.boot.web.servlet.context.ServletWebServerApplicationContext.refresh(ServletWebServerApplicationContext.java:146) ~[spring-boot-3.5.6.jar:3.5.6]
	at org.springframework.boot.SpringApplication.refresh(SpringApplication.java:752) ~[spring-boot-3.5.6.jar:3.5.6]
	at org.springframework.boot.SpringApplication.refreshContext(SpringApplication.java:439) ~[spring-boot-3.5.6.jar:3.5.6]
	at org.springframework.boot.SpringApplication.run(SpringApplication.java:318) ~[spring-boot-3.5.6.jar:3.5.6]
	at org.springframework.boot.SpringApplication.run(SpringApplication.java:1361) ~[spring-boot-3.5.6.jar:3.5.6]
	at org.springframework.boot.SpringApplication.run(SpringApplication.java:1350) ~[spring-boot-3.5.6.jar:3.5.6]
	at com.example.EXAMEN.LP2.RESURECCION.ExamenLp2ResureccionApplication.main(ExamenLp2ResureccionApplication.java:10) ~[classes/:na]
Caused by: java.io.FileNotFoundException: class path resource [com/example/EXAMEN/LP2/RESURECCION/mappers/EstudiantesMapper.class] cannot be opened because it does not exist
	at org.springframework.core.io.ClassPathResource.getInputStream(ClassPathResource.java:215) ~[spring-core-6.2.11.jar:6.2.11]
	at org.springframework.core.type.classreading.SimpleMetadataReader.getClassReader(SimpleMetadataReader.java:54) ~[spring-core-6.2.11.jar:6.2.11]
	at org.springframework.core.type.classreading.SimpleMetadataReader.<init>(SimpleMetadataReader.java:48) ~[spring-core-6.2.11.jar:6.2.11]
	at org.springframework.core.type.classreading.SimpleMetadataReaderFactory.getMetadataReader(SimpleMetadataReaderFactory.java:103) ~[spring-core-6.2.11.jar:6.2.11]
	at org.springframework.boot.type.classreading.ConcurrentReferenceCachingMetadataReaderFactory.createMetadataReader(ConcurrentReferenceCachingMetadataReaderFactory.java:98) ~[spring-boot-3.5.6.jar:3.5.6]
	at org.springframework.boot.type.classreading.ConcurrentReferenceCachingMetadataReaderFactory.getMetadataReader(ConcurrentReferenceCachingMetadataReaderFactory.java:85) ~[spring-boot-3.5.6.jar:3.5.6]
	at org.springframework.core.type.classreading.SimpleMetadataReaderFactory.getMetadataReader(SimpleMetadataReaderFactory.java:81) ~[spring-core-6.2.11.jar:6.2.11]
	at org.springframework.boot.type.classreading.ConcurrentReferenceCachingMetadataReaderFactory.getMetadataReader(ConcurrentReferenceCachingMetadataReaderFactory.java:75) ~[spring-boot-3.5.6.jar:3.5.6]
	at org.springframework.context.annotation.ConfigurationClassParser.asSourceClass(ConfigurationClassParser.java:711) ~[spring-context-6.2.11.jar:6.2.11]
	at org.springframework.context.annotation.ConfigurationClassParser$SourceClass.getInterfaces(ConfigurationClassParser.java:1060) ~[spring-context-6.2.11.jar:6.2.11]
	at org.springframework.context.annotation.ConfigurationClassParser.processInterfaces(ConfigurationClassParser.java:441) ~[spring-context-6.2.11.jar:6.2.11]
	at org.springframework.context.annotation.ConfigurationClassParser.doProcessConfigurationClass(ConfigurationClassParser.java:385) ~[spring-context-6.2.11.jar:6.2.11]
	at org.springframework.context.annotation.ConfigurationClassParser.processConfigurationClass(ConfigurationClassParser.java:281) ~[spring-context-6.2.11.jar:6.2.11]
	... 18 common frames omitted

2025-10-07T10:43:20.187-05:00  INFO 9112 --- [EXAMEN-LP-2-RESURECCION] [main] .e.E.L.R.ExamenLp2ResureccionApplication : Starting ExamenLp2ResureccionApplication using Java 21.0.7 with PID 9112 (C:\Users\mygna\OneDrive\Escritorio\EXAMEN-LP-2-RESURECCION\target\classes started by mygna in C:\Users\mygna\OneDrive\Escritorio\EXAMEN-LP-2-RESURECCION)
2025-10-07T10:43:20.190-05:00  INFO 9112 --- [EXAMEN-LP-2-RESURECCION] [main] .e.E.L.R.ExamenLp2ResureccionApplication : No active profile set, falling back to 1 default profile: "default"
2025-10-07T10:43:20.503-05:00  WARN 9112 --- [EXAMEN-LP-2-RESURECCION] [main] ConfigServletWebServerApplicationContext : Exception encountered during context initialization - cancelling refresh attempt: org.springframework.beans.factory.BeanDefinitionStoreException: I/O failure while processing configuration class [com.example.EXAMEN.LP2.RESURECCION.mappers.EstudiantesMapperImpl]
2025-10-07T10:43:20.752-05:00 ERROR 9112 --- [EXAMEN-LP-2-RESURECCION] [main] o.s.boot.SpringApplication               : Application run failed

org.springframework.beans.factory.BeanDefinitionStoreException: I/O failure while processing configuration class [com.example.EXAMEN.LP2.RESURECCION.mappers.EstudiantesMapperImpl]
	at org.springframework.context.annotation.ConfigurationClassParser.processConfigurationClass(ConfigurationClassParser.java:286) ~[spring-context-6.2.11.jar:6.2.11]
	at org.springframework.context.annotation.ConfigurationClassParser.parse(ConfigurationClassParser.java:218) ~[spring-context-6.2.11.jar:6.2.11]
	at org.springframework.context.annotation.ConfigurationClassParser.doProcessConfigurationClass(ConfigurationClassParser.java:354) ~[spring-context-6.2.11.jar:6.2.11]
	at org.springframework.context.annotation.ConfigurationClassParser.processConfigurationClass(ConfigurationClassParser.java:281) ~[spring-context-6.2.11.jar:6.2.11]
	at org.springframework.context.annotation.ConfigurationClassParser.parse(ConfigurationClassParser.java:204) ~[spring-context-6.2.11.jar:6.2.11]
	at org.springframework.context.annotation.ConfigurationClassParser.parse(ConfigurationClassParser.java:172) ~[spring-context-6.2.11.jar:6.2.11]
	at org.springframework.context.annotation.ConfigurationClassPostProcessor.processConfigBeanDefinitions(ConfigurationClassPostProcessor.java:418) ~[spring-context-6.2.11.jar:6.2.11]
	at org.springframework.context.annotation.ConfigurationClassPostProcessor.postProcessBeanDefinitionRegistry(ConfigurationClassPostProcessor.java:290) ~[spring-context-6.2.11.jar:6.2.11]
	at org.springframework.context.support.PostProcessorRegistrationDelegate.invokeBeanDefinitionRegistryPostProcessors(PostProcessorRegistrationDelegate.java:349) ~[spring-context-6.2.11.jar:6.2.11]
	at org.springframework.context.support.PostProcessorRegistrationDelegate.invokeBeanFactoryPostProcessors(PostProcessorRegistrationDelegate.java:118) ~[spring-context-6.2.11.jar:6.2.11]
	at org.springframework.context.support.AbstractApplicationContext.invokeBeanFactoryPostProcessors(AbstractApplicationContext.java:791) ~[spring-context-6.2.11.jar:6.2.11]
	at org.springframework.context.support.AbstractApplicationContext.refresh(AbstractApplicationContext.java:609) ~[spring-context-6.2.11.jar:6.2.11]
	at org.springframework.boot.web.servlet.context.ServletWebServerApplicationContext.refresh(ServletWebServerApplicationContext.java:146) ~[spring-boot-3.5.6.jar:3.5.6]
	at org.springframework.boot.SpringApplication.refresh(SpringApplication.java:752) ~[spring-boot-3.5.6.jar:3.5.6]
	at org.springframework.boot.SpringApplication.refreshContext(SpringApplication.java:439) ~[spring-boot-3.5.6.jar:3.5.6]
	at org.springframework.boot.SpringApplication.run(SpringApplication.java:318) ~[spring-boot-3.5.6.jar:3.5.6]
	at org.springframework.boot.SpringApplication.run(SpringApplication.java:1361) ~[spring-boot-3.5.6.jar:3.5.6]
	at org.springframework.boot.SpringApplication.run(SpringApplication.java:1350) ~[spring-boot-3.5.6.jar:3.5.6]
	at com.example.EXAMEN.LP2.RESURECCION.ExamenLp2ResureccionApplication.main(ExamenLp2ResureccionApplication.java:10) ~[classes/:na]
Caused by: java.io.FileNotFoundException: class path resource [com/example/EXAMEN/LP2/RESURECCION/mappers/EstudiantesMapper.class] cannot be opened because it does not exist
	at org.springframework.core.io.ClassPathResource.getInputStream(ClassPathResource.java:215) ~[spring-core-6.2.11.jar:6.2.11]
	at org.springframework.core.type.classreading.SimpleMetadataReader.getClassReader(SimpleMetadataReader.java:54) ~[spring-core-6.2.11.jar:6.2.11]
	at org.springframework.core.type.classreading.SimpleMetadataReader.<init>(SimpleMetadataReader.java:48) ~[spring-core-6.2.11.jar:6.2.11]
	at org.springframework.core.type.classreading.SimpleMetadataReaderFactory.getMetadataReader(SimpleMetadataReaderFactory.java:103) ~[spring-core-6.2.11.jar:6.2.11]
	at org.springframework.boot.type.classreading.ConcurrentReferenceCachingMetadataReaderFactory.createMetadataReader(ConcurrentReferenceCachingMetadataReaderFactory.java:98) ~[spring-boot-3.5.6.jar:3.5.6]
	at org.springframework.boot.type.classreading.ConcurrentReferenceCachingMetadataReaderFactory.getMetadataReader(ConcurrentReferenceCachingMetadataReaderFactory.java:85) ~[spring-boot-3.5.6.jar:3.5.6]
	at org.springframework.core.type.classreading.SimpleMetadataReaderFactory.getMetadataReader(SimpleMetadataReaderFactory.java:81) ~[spring-core-6.2.11.jar:6.2.11]
	at org.springframework.boot.type.classreading.ConcurrentReferenceCachingMetadataReaderFactory.getMetadataReader(ConcurrentReferenceCachingMetadataReaderFactory.java:75) ~[spring-boot-3.5.6.jar:3.5.6]
	at org.springframework.context.annotation.ConfigurationClassParser.asSourceClass(ConfigurationClassParser.java:711) ~[spring-context-6.2.11.jar:6.2.11]
	at org.springframework.context.annotation.ConfigurationClassParser$SourceClass.getInterfaces(ConfigurationClassParser.java:1060) ~[spring-context-6.2.11.jar:6.2.11]
	at org.springframework.context.annotation.ConfigurationClassParser.processInterfaces(ConfigurationClassParser.java:441) ~[spring-context-6.2.11.jar:6.2.11]
	at org.springframework.context.annotation.ConfigurationClassParser.doProcessConfigurationClass(ConfigurationClassParser.java:385) ~[spring-context-6.2.11.jar:6.2.11]
	at org.springframework.context.annotation.ConfigurationClassParser.processConfigurationClass(ConfigurationClassParser.java:281) ~[spring-context-6.2.11.jar:6.2.11]
	... 18 common frames omitted

2025-10-07T10:52:03.497-05:00  INFO 26288 --- [EXAMEN-LP-2-RESURECCION] [main] .e.E.L.R.ExamenLp2ResureccionApplication : Starting ExamenLp2ResureccionApplication using Java 21.0.7 with PID 26288 (C:\Users\mygna\OneDrive\Escritorio\EXAMEN-LP-2-RESURECCION\target\classes started by mygna in C:\Users\mygna\OneDrive\Escritorio\EXAMEN-LP-2-RESURECCION)
2025-10-07T10:52:03.501-05:00  INFO 26288 --- [EXAMEN-LP-2-RESURECCION] [main] .e.E.L.R.ExamenLp2ResureccionApplication : No active profile set, falling back to 1 default profile: "default"
2025-10-07T10:52:04.861-05:00  INFO 26288 --- [EXAMEN-LP-2-RESURECCION] [main] .s.d.r.c.RepositoryConfigurationDelegate : Bootstrapping Spring Data JPA repositories in DEFAULT mode.
2025-10-07T10:52:04.971-05:00  INFO 26288 --- [EXAMEN-LP-2-RESURECCION] [main] .s.d.r.c.RepositoryConfigurationDelegate : Finished Spring Data repository scanning in 90 ms. Found 3 JPA repository interfaces.
2025-10-07T10:52:05.765-05:00  INFO 26288 --- [EXAMEN-LP-2-RESURECCION] [main] o.s.b.w.embedded.tomcat.TomcatWebServer  : Tomcat initialized with port 9090 (http)
2025-10-07T10:52:05.788-05:00  INFO 26288 --- [EXAMEN-LP-2-RESURECCION] [main] o.apache.catalina.core.StandardService   : Starting service [Tomcat]
2025-10-07T10:52:05.789-05:00  INFO 26288 --- [EXAMEN-LP-2-RESURECCION] [main] o.apache.catalina.core.StandardEngine    : Starting Servlet engine: [Apache Tomcat/10.1.46]
2025-10-07T10:52:05.875-05:00  INFO 26288 --- [EXAMEN-LP-2-RESURECCION] [main] o.a.c.c.C.[Tomcat].[localhost].[/]       : Initializing Spring embedded WebApplicationContext
2025-10-07T10:52:05.876-05:00  INFO 26288 --- [EXAMEN-LP-2-RESURECCION] [main] w.s.c.ServletWebServerApplicationContext : Root WebApplicationContext: initialization completed in 2299 ms
2025-10-07T10:52:06.292-05:00  INFO 26288 --- [EXAMEN-LP-2-RESURECCION] [main] o.hibernate.jpa.internal.util.LogHelper  : HHH000204: Processing PersistenceUnitInfo [name: default]
2025-10-07T10:52:06.408-05:00  INFO 26288 --- [EXAMEN-LP-2-RESURECCION] [main] org.hibernate.Version                    : HHH000412: Hibernate ORM core version 6.6.29.Final
2025-10-07T10:52:06.473-05:00  INFO 26288 --- [EXAMEN-LP-2-RESURECCION] [main] o.h.c.internal.RegionFactoryInitiator    : HHH000026: Second-level cache disabled
2025-10-07T10:52:06.930-05:00  INFO 26288 --- [EXAMEN-LP-2-RESURECCION] [main] o.s.o.j.p.SpringPersistenceUnitInfo      : No LoadTimeWeaver setup: ignoring JPA class transformer
2025-10-07T10:52:06.982-05:00  INFO 26288 --- [EXAMEN-LP-2-RESURECCION] [main] com.zaxxer.hikari.HikariDataSource       : HikariPool-1 - Starting...
2025-10-07T10:52:07.876-05:00  INFO 26288 --- [EXAMEN-LP-2-RESURECCION] [main] com.zaxxer.hikari.pool.HikariPool        : HikariPool-1 - Added connection oracle.jdbc.driver.T4CConnection@1570cad0
2025-10-07T10:52:07.877-05:00  INFO 26288 --- [EXAMEN-LP-2-RESURECCION] [main] com.zaxxer.hikari.HikariDataSource       : HikariPool-1 - Start completed.
2025-10-07T10:52:08.321-05:00  INFO 26288 --- [EXAMEN-LP-2-RESURECCION] [main] org.hibernate.orm.connections.pooling    : HHH10001005: Database info:
	Database JDBC URL [Connecting through datasource 'HikariDataSource (HikariPool-1)']
	Database driver: undefined/unknown
	Database version: 21.3
	Autocommit mode: undefined/unknown
	Isolation level: undefined/unknown
	Minimum pool size: undefined/unknown
	Maximum pool size: undefined/unknown
2025-10-07T10:52:09.553-05:00  INFO 26288 --- [EXAMEN-LP-2-RESURECCION] [main] o.h.e.t.j.p.i.JtaPlatformInitiator       : HHH000489: No JTA platform available (set 'hibernate.transaction.jta.platform' to enable JTA platform integration)
2025-10-07T10:52:11.981-05:00  INFO 26288 --- [EXAMEN-LP-2-RESURECCION] [main] j.LocalContainerEntityManagerFactoryBean : Initialized JPA EntityManagerFactory for persistence unit 'default'
2025-10-07T10:52:14.023-05:00  INFO 26288 --- [EXAMEN-LP-2-RESURECCION] [main] o.s.b.w.embedded.tomcat.TomcatWebServer  : Tomcat started on port 9090 (http) with context path '/'
2025-10-07T10:52:14.042-05:00  INFO 26288 --- [EXAMEN-LP-2-RESURECCION] [main] .e.E.L.R.ExamenLp2ResureccionApplication : Started ExamenLp2ResureccionApplication in 11.362 seconds (process running for 12.22)
2025-10-07T10:52:46.694-05:00  INFO 26288 --- [EXAMEN-LP-2-RESURECCION] [http-nio-9090-exec-2] o.a.c.c.C.[Tomcat].[localhost].[/]       : Initializing Spring DispatcherServlet 'dispatcherServlet'
2025-10-07T10:52:46.696-05:00  INFO 26288 --- [EXAMEN-LP-2-RESURECCION] [http-nio-9090-exec-2] o.s.web.servlet.DispatcherServlet        : Initializing Servlet 'dispatcherServlet'
2025-10-07T10:52:46.699-05:00  INFO 26288 --- [EXAMEN-LP-2-RESURECCION] [http-nio-9090-exec-2] o.s.web.servlet.DispatcherServlet        : Completed initialization in 3 ms
